sessionId=ATUid_afa841957ca8445dbed338a1605402ca&serviceCode=%2A384%2A74079%23&phoneNumber=%2B254700099269&text=
sessionId=ATUid_afa841957ca8445dbed338a1605402ca&serviceCode=%2A384%2A74079%23&phoneNumber=%2B254700099269&text=jesse
sessionId=ATUid_afa841957ca8445dbed338a1605402ca&serviceCode=%2A384%2A74079%23&phoneNumber=%2B254700099269&text=jesse%2Aedd
sessionId=ATUid_afa841957ca8445dbed338a1605402ca&serviceCode=%2A384%2A74079%23&phoneNumber=%2B254700099269&text=jesse%2Aedd%2A123
sessionId=ATUid_f17a335d89152bb5452389a46df3af38&serviceCode=*384*74079#&phoneNumber=+254700099269&text=
























sessionId=ATUid_e65a8eedb0727cfb58a015c3e73f2b6d&serviceCode=*384*74079#&phoneNumber=+254727858544&text=
sessionId=ATUid_e65a8eedb0727cfb58a015c3e73f2b6d&serviceCode=*384*74079#&phoneNumber=+254727858544&text=erer
sessionId=ATUid_8d44c12a09e4571cfbdd2d6cc2dadb21&serviceCode=*384*74079#&phoneNumber=+254727858544&text=
sessionId=ATUid_c7fb34baf762db06aead04ae509ad51d&serviceCode=*384*74079#&phoneNumber=+254727858544&text=
sessionId=ATUid_c7fb34baf762db06aead04ae509ad51d&serviceCode=*384*74079#&phoneNumber=+254727858544&text=teee
sessionId=ATUid_c7fb34baf762db06aead04ae509ad51d&serviceCode=*384*74079#&phoneNumber=+254727858544&text=teee*booo
sessionId=ATUid_c7fb34baf762db06aead04ae509ad51d&serviceCode=*384*74079#&phoneNumber=+254727858544&text=teee*booo*321

sessionId=ATUid_8826fac8d5815a487a9276460387ccb3&serviceCode=*384*74079#&phoneNumber=+254727858544&text=
sessionId=ATUid_4a73b43c8087b37ff117a001608ed311&serviceCode=*384*74079#&phoneNumber=+254727858544&text=
sessionId=ATUid_4a73b43c8087b37ff117a001608ed311&serviceCode=*384*74079#&phoneNumber=+254727858544&text=ano
sessionId=ATUid_4a73b43c8087b37ff117a001608ed311&serviceCode=*384*74079#&phoneNumber=+254727858544&text=ano*ther
sessionId=ATUid_4a73b43c8087b37ff117a001608ed311&serviceCode=*384*74079#&phoneNumber=+254727858544&text=ano*ther*321



sessionId=ATUid_822c240464c88aabd41fb73d307d1e73&serviceCode=%2A384%2A74079%23&phoneNumber=%2B254727858544&text=
sessionId=ATUid_822c240464c88aabd41fb73d307d1e73&serviceCode=%2A384%2A74079%23&phoneNumber=%2B254727858544&text=weeee
sessionId=ATUid_822c240464c88aabd41fb73d307d1e73&serviceCode=%2A384%2A74079%23&phoneNumber=%2B254727858544&text=weeee%2Ambeeeeeee
sessionId=ATUid_822c240464c88aabd41fb73d307d1e73&serviceCode=%2A384%2A74079%23&phoneNumber=%2B254727858544&text=weeee%2Ambeeeeeee%2A432
sessionId=ATUid_120e6bd49e42eedd157c2c11e177c37c&serviceCode=%2A384%2A74079%23&phoneNumber=%2B254727858544&text=
sessionId=ATUid_120e6bd49e42eedd157c2c11e177c37c&serviceCode=%2A384%2A74079%23&phoneNumber=%2B254727858544&text=reeeee
sessionId=ATUid_120e6bd49e42eedd157c2c11e177c37c&serviceCode=%2A384%2A74079%23&phoneNumber=%2B254727858544&text=reeeee%2Ambeeee
sessionId=ATUid_120e6bd49e42eedd157c2c11e177c37c&serviceCode=%2A384%2A74079%23&phoneNumber=%2B254727858544&text=reeeee%2Ambeeee%2A654
sessionId=ATUid_ed104918dd1d2e062e610b2449ba47d6&serviceCode=%2A384%2A74079%23&phoneNumber=%2B254727858544&text=
sessionId=ATUid_ed104918dd1d2e062e610b2449ba47d6&serviceCode=%2A384%2A74079%23&phoneNumber=%2B254727858544&text=tggggg
sessionId=ATUid_ed104918dd1d2e062e610b2449ba47d6&serviceCode=%2A384%2A74079%23&phoneNumber=%2B254727858544&text=tggggg%2Ajahaga
sessionId=ATUid_ed104918dd1d2e062e610b2449ba47d6&serviceCode=%2A384%2A74079%23&phoneNumber=%2B254727858544&text=tggggg%2Ajahaga%2A53
sessionId=ATUid_16177639e6e00505b82cf2aaf3daabba&serviceCode=%2A384%2A74079%23&phoneNumber=%2B254727858544&text=
sessionId=ATUid_16177639e6e00505b82cf2aaf3daabba&serviceCode=%2A384%2A74079%23&phoneNumber=%2B254727858544&text=mee
sessionId=ATUid_16177639e6e00505b82cf2aaf3daabba&serviceCode=%2A384%2A74079%23&phoneNumber=%2B254727858544&text=mee%2Ambeee
sessionId=ATUid_16177639e6e00505b82cf2aaf3daabba&serviceCode=%2A384%2A74079%23&phoneNumber=%2B254727858544&text=mee%2Ambeee%2A54
sessionId=ATUid_0c0092ec51d7e48614fd02ec19ed9f14&serviceCode=%2A384%2A74079%23&phoneNumber=%2B254727858544&text=
sessionId=ATUid_2a05f04c8b5c2bee2484abcdcbe65e15&serviceCode=%2A384%2A74079%23&phoneNumber=%2B254727858544&text=
sessionId=ATUid_3714b2af7c38f4a34a1f978ae574f345&serviceCode=%2A384%2A74079%23&phoneNumber=%2B254727858544&text=
sessionId=ATUid_3714b2af7c38f4a34a1f978ae574f345&serviceCode=%2A384%2A74079%23&phoneNumber=%2B254727858544&text=ydyeg
sessionId=ATUid_3714b2af7c38f4a34a1f978ae574f345&serviceCode=%2A384%2A74079%23&phoneNumber=%2B254727858544&text=ydyeg%2Ahshshs
sessionId=ATUid_3714b2af7c38f4a34a1f978ae574f345&serviceCode=%2A384%2A74079%23&phoneNumber=%2B254727858544&text=ydyeg%2Ahshshs%2A55
sessionId=ATUid_ee96a1a3011231ee3a6c247010073b58&serviceCode=%2A384%2A74079%23&phoneNumber=%2B254727858544&text=
sessionId=ATUid_9e5d32916f56ccf7555b0fbfc26fbfde&serviceCode=%2A384%2A74079%23&phoneNumber=%2B254727858544&text=
sessionId=ATUid_0e13bd2d8e22698645e397959fc1a5de&serviceCode=%2A384%2A74079%23&phoneNumber=%2B254727858544&text=

sessionId=ATUid_92ba4f725f56ee9453a25eab129a6fb4&serviceCode=%2A384%2A74079%23&phoneNumber=%2B254727858544&text=
sessionId=ATUid_92ba4f725f56ee9453a25eab129a6fb4&serviceCode=%2A384%2A74079%23&phoneNumber=%2B254727858544&text=Nddf
sessionId=ATUid_92ba4f725f56ee9453a25eab129a6fb4&serviceCode=%2A384%2A74079%23&phoneNumber=%2B254727858544&text=Nddf%2AYaaa
sessionId=ATUid_92ba4f725f56ee9453a25eab129a6fb4&serviceCode=%2A384%2A74079%23&phoneNumber=%2B254727858544&text=Nddf%2AYaaa%2A56
sessionId=ATUid_d58051e3091769037123f41d4c860bca&serviceCode=%2A384%2A74079%23&phoneNumber=%2B254727858544&text=
sessionId=ATUid_d58051e3091769037123f41d4c860bca&serviceCode=%2A384%2A74079%23&phoneNumber=%2B254727858544&text=dsds
sessionId=ATUid_d58051e3091769037123f41d4c860bca&serviceCode=%2A384%2A74079%23&phoneNumber=%2B254727858544&text=dsds%2Asfdf
