sessionId=ATUid_f904d723525065181c916cbb0168c930&serviceCode=%2A384%2A74079%23&phoneNumber=%2B254727858544&text=
sessionId=ATUid_f904d723525065181c916cbb0168c930&serviceCode=%2A384%2A74079%23&phoneNumber=%2B254727858544&text=msee
sessionId=ATUid_f904d723525065181c916cbb0168c930&serviceCode=%2A384%2A74079%23&phoneNumber=%2B254727858544&text=msee%2Aflani
sessionId=ATUid_f904d723525065181c916cbb0168c930&serviceCode=%2A384%2A74079%23&phoneNumber=%2B254727858544&text=msee%2Aflani%2A58
sessionId=ATUid_83151ea538478b67d5719eb71ecc70eb&serviceCode=%2A384%2A74079%23&phoneNumber=%2B254727858544&text=
sessionId=ATUid_83151ea538478b67d5719eb71ecc70eb&serviceCode=%2A384%2A74079%23&phoneNumber=%2B254727858544&text=mseees
sessionId=ATUid_83151ea538478b67d5719eb71ecc70eb&serviceCode=%2A384%2A74079%23&phoneNumber=%2B254727858544&text=mseees%2Aflaaaniii
sessionId=ATUid_83151ea538478b67d5719eb71ecc70eb&serviceCode=%2A384%2A74079%23&phoneNumber=%2B254727858544&text=mseees%2Aflaaaniii%2A59
sessionId=ATUid_18a3f4c2c501e92a855400012e416112&serviceCode=*384*74079#&phoneNumber=+254727858544&text=
sessionId=ATUid_951e198da635d5097b0adbc7ae1eb237&serviceCode=*384*74079#&phoneNumber=+254727858544&text=
sessionId=ATUid_951e198da635d5097b0adbc7ae1eb237&serviceCode=*384*74079#&phoneNumber=+254727858544&text=mseees
sessionId=ATUid_951e198da635d5097b0adbc7ae1eb237&serviceCode=*384*74079#&phoneNumber=+254727858544&text=mseees*flaaaaani
sessionId=ATUid_951e198da635d5097b0adbc7ae1eb237&serviceCode=*384*74079#&phoneNumber=+254727858544&text=mseees*flaaaaani*60
sessionId=ATUid_10d6fcc62f231504e0c1ed0e474d618f&serviceCode=*384*74079#&phoneNumber=+254727858544&text=






sessionId=ATUid_61011905613f8e80e84ee307952292c6&serviceCode=*384*74079#&phoneNumber=+254727858544&text=
sessionId=ATUid_61011905613f8e80e84ee307952292c6&serviceCode=*384*74079#&phoneNumber=+254727858544&text=hahaha
sessionId=ATUid_61011905613f8e80e84ee307952292c6&serviceCode=*384*74079#&phoneNumber=+254727858544&text=hahaha*memem
sessionId=ATUid_61011905613f8e80e84ee307952292c6&serviceCode=*384*74079#&phoneNumber=+254727858544&text=hahaha*memem*64
sessionId=ATUid_35c7ed1227f7a33db03f6c696b4b9277&serviceCode=*384*74079#&phoneNumber=+254727858544&text=
sessionId=ATUid_35c7ed1227f7a33db03f6c696b4b9277&serviceCode=*384*74079#&phoneNumber=+254727858544&text=da
sessionId=ATUid_35c7ed1227f7a33db03f6c696b4b9277&serviceCode=*384*74079#&phoneNumber=+254727858544&text=da*te
sessionId=ATUid_35c7ed1227f7a33db03f6c696b4b9277&serviceCode=*384*74079#&phoneNumber=+254727858544&text=da*te*63
sessionId=ATUid_1648f6047c7b9348a899f6d54dde3323&serviceCode=*384*74079#&phoneNumber=+254727858544&text=
sessionId=ATUid_1648f6047c7b9348a899f6d54dde3323&serviceCode=*384*74079#&phoneNumber=+254727858544&text=da
sessionId=ATUid_1648f6047c7b9348a899f6d54dde3323&serviceCode=*384*74079#&phoneNumber=+254727858544&text=da*tes
sessionId=ATUid_1648f6047c7b9348a899f6d54dde3323&serviceCode=*384*74079#&phoneNumber=+254727858544&text=da*tes*64




sessionId=ATUid_104cdae2781477f27beb23a606fd4310&serviceCode=*384*74079#&phoneNumber=+254727858544&text=

